<?xml version="1.0" encoding="UTF-8"?>
<testng-results skipped="0" failed="0" ignored="0" total="6" passed="6">
  <reporter-output>
  </reporter-output>
  <suite name="Suite" duration-ms="11326" started-at="2021-10-13T09:32:44Z" finished-at="2021-10-13T09:32:55Z">
    <groups>
    </groups>
    <test name="Test1" duration-ms="163" started-at="2021-10-13T09:32:44Z" finished-at="2021-10-13T09:32:44Z">
      <class name="appTests.AppTest">
        <test-method status="PASS" signature="loginTest()[pri:0, instance:appTests.AppTest@7bc1a03d]" name="loginTest" duration-ms="57" started-at="2021-10-13T09:32:44Z" description="Login with Valid Details" finished-at="2021-10-13T09:32:44Z">
          <reporter-output>
          </reporter-output>
        </test-method> <!-- loginTest -->
        <test-method status="PASS" signature="loginTestWithInvalid()[pri:0, instance:appTests.AppTest@7bc1a03d]" name="loginTestWithInvalid" duration-ms="3" started-at="2021-10-13T09:32:44Z" description="Login with InValid Details" finished-at="2021-10-13T09:32:44Z">
          <reporter-output>
          </reporter-output>
        </test-method> <!-- loginTestWithInvalid -->
      </class> <!-- appTests.AppTest -->
    </test> <!-- Test1 -->
    <test name="Test2" duration-ms="3" started-at="2021-10-13T09:32:44Z" finished-at="2021-10-13T09:32:44Z">
      <class name="appTests.NumberComparision">
        <test-method status="PASS" signature="intCamparision()[pri:0, instance:appTests.NumberComparision@176d53b2]" name="intCamparision" duration-ms="0" started-at="2021-10-13T09:32:44Z" finished-at="2021-10-13T09:32:44Z">
          <reporter-output>
          </reporter-output>
        </test-method> <!-- intCamparision -->
      </class> <!-- appTests.NumberComparision -->
    </test> <!-- Test2 -->
    <test name="Test3" duration-ms="11026" started-at="2021-10-13T09:32:44Z" finished-at="2021-10-13T09:32:55Z">
      <class name="appTests.SeleniumDev">
        <test-method status="PASS" signature="beforeTest()[pri:0, instance:appTests.SeleniumDev@6328d34a]" name="beforeTest" is-config="true" duration-ms="4805" started-at="2021-10-13T09:32:44Z" finished-at="2021-10-13T09:32:49Z">
          <reporter-output>
          </reporter-output>
        </test-method> <!-- beforeTest -->
        <test-method status="PASS" signature="titleTest()[pri:0, instance:appTests.SeleniumDev@6328d34a]" name="titleTest" duration-ms="3110" started-at="2021-10-13T09:32:49Z" finished-at="2021-10-13T09:32:52Z">
          <reporter-output>
          </reporter-output>
        </test-method> <!-- titleTest -->
        <test-method status="PASS" signature="afterTest()[pri:0, instance:appTests.SeleniumDev@6328d34a]" name="afterTest" is-config="true" duration-ms="3109" started-at="2021-10-13T09:32:52Z" finished-at="2021-10-13T09:32:55Z">
          <reporter-output>
          </reporter-output>
        </test-method> <!-- afterTest -->
      </class> <!-- appTests.SeleniumDev -->
    </test> <!-- Test3 -->
  </suite> <!-- Suite -->
  <suite name="Suite (0)" duration-ms="7" started-at="2021-10-13T09:32:55Z" finished-at="2021-10-13T09:32:55Z">
    <groups>
    </groups>
    <test name="Test" duration-ms="7" started-at="2021-10-13T09:32:55Z" finished-at="2021-10-13T09:32:55Z">
      <class name="appTests.AppTest">
        <test-method status="PASS" signature="loginTest()[pri:0, instance:appTests.AppTest@2ea6137]" name="loginTest" duration-ms="1" started-at="2021-10-13T09:32:55Z" description="Login with Valid Details" finished-at="2021-10-13T09:32:55Z">
          <reporter-output>
          </reporter-output>
        </test-method> <!-- loginTest -->
        <test-method status="PASS" signature="loginTestWithInvalid()[pri:0, instance:appTests.AppTest@2ea6137]" name="loginTestWithInvalid" duration-ms="2" started-at="2021-10-13T09:32:55Z" description="Login with InValid Details" finished-at="2021-10-13T09:32:55Z">
          <reporter-output>
          </reporter-output>
        </test-method> <!-- loginTestWithInvalid -->
      </class> <!-- appTests.AppTest -->
    </test> <!-- Test -->
  </suite> <!-- Suite (0) -->
</testng-results>
